[debug] [2023-10-03T00:18:23.020Z] ----------------------------------------------------------------------
[debug] [2023-10-03T00:18:23.022Z] Command:       C:\Program Files\nodejs\node.exe C:\Users\SENA\AppData\Roaming\npm\node_modules\firebase-tools\lib\bin\firebase.js init
[debug] [2023-10-03T00:18:23.022Z] CLI Version:   12.6.1
[debug] [2023-10-03T00:18:23.022Z] Platform:      win32
[debug] [2023-10-03T00:18:23.022Z] Node Version:  v16.16.0
[debug] [2023-10-03T00:18:23.025Z] Time:          Mon Oct 02 2023 19:18:23 GMT-0500 (hora estándar de Colombia)
[debug] [2023-10-03T00:18:23.026Z] ----------------------------------------------------------------------
[debug] 
[debug] [2023-10-03T00:18:23.036Z] > command requires scopes: ["email","openid","https://www.googleapis.com/auth/cloudplatformprojects.readonly","https://www.googleapis.com/auth/firebase","https://www.googleapis.com/auth/cloud-platform"]
[debug] [2023-10-03T00:18:23.036Z] > authorizing via signed-in user (jmyunquil@gmail.com)
[info] 
     ######## #### ########  ######## ########     ###     ######  ########
     ##        ##  ##     ## ##       ##     ##  ##   ##  ##       ##
     ######    ##  ########  ######   ########  #########  ######  ######
     ##        ##  ##    ##  ##       ##     ## ##     ##       ## ##
     ##       #### ##     ## ######## ########  ##     ##  ######  ########

You're about to initialize a Firebase project in this directory:

  C:\- Diego Layton\Alex\HTML & CSS\Proyecto1

Before we get started, keep in mind:

  * You are currently outside your home directory

[info] 
=== Project Setup
[info] 
[info] First, let's associate this project directory with a Firebase project.
[info] You can create multiple project aliases by running firebase use --add, 
[info] but for now we'll just set up a default project.
[info] 
[debug] [2023-10-03T00:18:49.255Z] > refreshing access token with scopes: []
[debug] [2023-10-03T00:18:49.258Z] >>> [apiv2][query] POST https://www.googleapis.com/oauth2/v3/token [none]
[debug] [2023-10-03T00:18:49.258Z] >>> [apiv2][body] POST https://www.googleapis.com/oauth2/v3/token [omitted]
[debug] [2023-10-03T00:18:49.573Z] <<< [apiv2][status] POST https://www.googleapis.com/oauth2/v3/token 200
[debug] [2023-10-03T00:18:49.573Z] <<< [apiv2][body] POST https://www.googleapis.com/oauth2/v3/token [omitted]
[debug] [2023-10-03T00:18:49.600Z] >>> [apiv2][query] GET https://firebase.googleapis.com/v1beta1/projects pageSize=100
[debug] [2023-10-03T00:18:50.044Z] <<< [apiv2][status] GET https://firebase.googleapis.com/v1beta1/projects 200
[debug] [2023-10-03T00:18:50.044Z] <<< [apiv2][body] GET https://firebase.googleapis.com/v1beta1/projects [omitted]
